06.03.2020 22:13:34	This log contains information about the import schema operation into project 'Db' on computer 'DESKTOP-6CF29HQ' by user 'Luda'.
06.03.2020 22:13:34	Import of database schema has started.
06.03.2020 22:13:41	Gathering database credentials
06.03.2020 22:13:41	Gathering database options
06.03.2020 22:13:41	Gathering generic database scoped configuration option
06.03.2020 22:13:41	Gathering users
06.03.2020 22:13:41	Gathering roles
06.03.2020 22:13:41	Gathering application roles
06.03.2020 22:13:41	Gathering role memberships
06.03.2020 22:13:41	Gathering filegroups
06.03.2020 22:13:41	Gathering full-text catalogs
06.03.2020 22:13:41	Gathering assemblies
06.03.2020 22:13:41	Gathering certificates
06.03.2020 22:13:41	Gathering asymmetric keys
06.03.2020 22:13:41	Gathering symmetric keys
06.03.2020 22:13:41	Gathering encrypted symmetric keys
06.03.2020 22:13:41	Gathering schemas
06.03.2020 22:13:41	Gathering XML schema collections
06.03.2020 22:13:41	Gathering user-defined data types
06.03.2020 22:13:41	Gathering user-defined types
06.03.2020 22:13:41	Gathering table types
06.03.2020 22:13:41	Gathering unique keys for table types
06.03.2020 22:13:41	Gathering primary keys for table types
06.03.2020 22:13:41	Gathering indexes for table types
06.03.2020 22:13:41	Gathering check constraints for table types
06.03.2020 22:13:41	Gathering default constraints for table types
06.03.2020 22:13:41	Gathering partition functions
06.03.2020 22:13:41	Gathering partition schemes
06.03.2020 22:13:41	Gathering functions
06.03.2020 22:13:41	Gathering encrypted functions
06.03.2020 22:13:41	Gathering aggregates
06.03.2020 22:13:41	Gathering procedures
06.03.2020 22:13:41	Gathering encrypted procedures
06.03.2020 22:13:41	Gathering tables
06.03.2020 22:13:41	Gathering primary keys
06.03.2020 22:13:41	Gathering unique constraints
06.03.2020 22:13:41	Gathering foreign keys
06.03.2020 22:13:41	Gathering default constraints
06.03.2020 22:13:41	Gathering check constraints
06.03.2020 22:13:41	Gathering views
06.03.2020 22:13:41	Gathering encrypted views
06.03.2020 22:13:41	Gathering indexes
06.03.2020 22:13:41	Gathering statistics
06.03.2020 22:13:41	Gathering full-text index stoplists
06.03.2020 22:13:41	Gathering search property lists
06.03.2020 22:13:41	Gathering search properties
06.03.2020 22:13:41	Gathering full-text indexes
06.03.2020 22:13:41	Gathering column store indexes
06.03.2020 22:13:41	Gathering spatial indexes
06.03.2020 22:13:41	Gathering XML indexes
06.03.2020 22:13:41	Gathering Selective XML indexes
06.03.2020 22:13:41	Gathering encrypted triggers
06.03.2020 22:13:41	Gathering triggers
06.03.2020 22:13:41	Gathering encrypted and clr ddl triggers
06.03.2020 22:13:41	Gathering ddl triggers
06.03.2020 22:13:41	Gathering synonyms
06.03.2020 22:13:41	Gathering defaults
06.03.2020 22:13:41	Gathering data constraint uddt bindings
06.03.2020 22:13:41	Gathering rules
06.03.2020 22:13:41	Gathering data constraint uddt bindings
06.03.2020 22:13:41	Gathering message types
06.03.2020 22:13:41	Gathering queues
06.03.2020 22:13:41	Gathering contracts
06.03.2020 22:13:41	Gathering services
06.03.2020 22:13:41	Gathering event notifications
06.03.2020 22:13:41	Gathering remote service bindings
06.03.2020 22:13:41	Gathering broker priorities
06.03.2020 22:13:41	Gathering signatures
06.03.2020 22:13:41	Gathering data compression options
06.03.2020 22:13:41	Gathering sequence types
06.03.2020 22:13:41	Gathering security policies
06.03.2020 22:13:41	Gather column encryption keys
06.03.2020 22:13:41	Gathering column master keys
06.03.2020 22:13:41	Gathering external data sources
06.03.2020 22:13:41	Gathering external file formats
06.03.2020 22:13:41	Gathering external tables
06.03.2020 22:13:41	Gathering extended properties
06.03.2020 22:13:41	Gathering credentials
06.03.2020 22:13:41	Gathering logins
06.03.2020 22:13:41	Gathering server audits
06.03.2020 22:13:43	Scanning project for duplicate elements
06.03.2020 22:13:44	Finished duplicate element processing
06.03.2020 22:13:44	Finished importing database.
06.03.2020 22:13:44	A summary of the import was saved to the following location: C:\Git\Smart_home\DB\Db\Import Schema Logs\Db_20200306091334.log
06.03.2020 22:13:44	Click Finish to continue...
